android/build/module/build/intermediates/manifest_merge_blame_file/release/manifest-merger-blame-release-report.txt
1<?xml version="1.0" encoding="utf-8"?>
2<manifest xmlns:android="http://schemas.android.com/apk/res/android"
3    xmlns:tools="http://schemas.android.com/tools"
4    package="ti.car" >
5
6    <uses-sdk
7        android:minSdkVersion="19"
7-->src/main/AndroidManifest.xml
8        android:targetSdkVersion="33" />
8-->src/main/AndroidManifest.xml
9
10    <uses-feature
10-->src/main/AndroidManifest.xml:13:4-91
11        android:name="android.hardware.type.automotive"
11-->src/main/AndroidManifest.xml:13:18-65
12        android:required="true" />
12-->src/main/AndroidManifest.xml:13:66-89
13
14    <application>
14-->src/main/AndroidManifest.xml:3:4-12:18
15        <meta-data
15-->src/main/AndroidManifest.xml:4:5-82
16            android:name="androidx.car.app.minCarApiLevel"
16-->src/main/AndroidManifest.xml:4:16-62
17            android:value="1" />
17-->src/main/AndroidManifest.xml:4:63-80
18
19        <service
19-->src/main/AndroidManifest.xml:6:5-11:15
20            android:name="ti.car.TiCarService"
20-->src/main/AndroidManifest.xml:6:14-42
21            android:exported="true" >
21-->src/main/AndroidManifest.xml:6:43-66
22            <intent-filter>
22-->src/main/AndroidManifest.xml:7:6-10:22
23                <action android:name="androidx.car.app.CarAppService" />
23-->src/main/AndroidManifest.xml:8:7-62
23-->src/main/AndroidManifest.xml:8:15-60
24
25                <category android:name="androidx.car.app.category.PARKING" />
25-->src/main/AndroidManifest.xml:9:7-67
25-->src/main/AndroidManifest.xml:9:17-65
26            </intent-filter>
27        </service>
28    </application>
29
30</manifest>